<?xml version="1.0" encoding="UTF-8"?>
<beans xmlns="http://www.springframework.org/schema/beans"
	xmlns:xsi="http://www.w3.org/2001/XMLSchema-instance"
	xmlns:context="http://www.springframework.org/schema/context"
	xmlns:task="http://www.springframework.org/schema/task"
	xsi:schemaLocation="http://www.springframework.org/schema/beans http://www.springframework.org/schema/beans/spring-beans.xsd
		http://www.springframework.org/schema/context http://www.springframework.org/schema/context/spring-context-3.2.xsd
		 http://www.springframework.org/schema/util http://www.springframework.org/schema/util/spring-util.xsd
        http://www.springframework.org/schema/task http://www.springframework.org/schema/task/spring-task-3.0.xsd">

	<context:annotation-config />
	<context:component-scan resource-pattern="ConnectionConfiguration.class" base-package="com.je.enterprise.mievento.domain.configuration" />
	<context:component-scan resource-pattern="MongoConfiguration.class" base-package="com.je.enterprise.mievento.domain.configuration" />
	<context:component-scan resource-pattern="CountryDAO.class" base-package="com.je.enterprise.mievento.domain.dao.impl" />
	<context:component-scan base-package="com.je.enterprise.mievento.domain.external.apiGeo" />
	<bean 
		class="org.springframework.beans.factory.config.PropertyPlaceholderConfigurer">
 
		<property name="location">
			<value>classpath:com/je/enterprise/mievento/mongodb/dataSource-${environment}.properties</value>
		</property>
	</bean>		

</beans>
